#
# There is insufficient memory for the Java Runtime Environment to continue.
# Native memory allocation (mmap) failed to map 65011712 bytes for G1 virtual space
# Possible reasons:
#   The system is out of physical RAM or swap space
#   The process is running with CompressedOops enabled, and the Java Heap may be blocking the growth of the native heap
# Possible solutions:
#   Reduce memory load on the system
#   Increase physical memory or swap space
#   Check if swap backing store is full
#   Decrease Java heap size (-Xmx/-Xms)
#   Decrease number of Java threads
#   Decrease Java thread stack sizes (-Xss)
#   Set larger code cache with -XX:ReservedCodeCacheSize=
#   JVM is running with Unscaled Compressed Oops mode in which the Java heap is
#     placed in the first 4GB address space. The Java Heap base address is the
#     maximum limit for the native heap growth. Please use -XX:HeapBaseMinAddress
#     to set the Java Heap base and to place the Java Heap above 4GB virtual address.
# This output file may be truncated or incomplete.
#
#  Out of Memory Error (os_windows.cpp:3557), pid=55616, tid=77632
#
# JRE version:  (17.0.6+10) (build )
# Java VM: OpenJDK 64-Bit Server VM (17.0.6+10, mixed mode, sharing, tiered, compressed oops, compressed class ptrs, g1 gc, windows-amd64)
# No core dump will be written. Minidumps are not enabled by default on client versions of Windows
#

---------------  S U M M A R Y ------------

Command Line: -Dfile.encoding=UTF-8 --module-path=C:\Users\evila\OneDrive\Documentos\LP2\AV3\FabricaDeQueijo\FabricaDeQueijo_Evila\bin -XX:+ShowCodeDetailsInExceptionMessages -Djdk.module.main=FabricaDeQueijo FabricaDeQueijo/Aplicacao.LpPrincipal

Host: 11th Gen Intel(R) Core(TM) i3-1115G4 @ 3.00GHz, 4 cores, 3G,  Windows 11 , 64 bit Build 22621 (10.0.22621.1635)
Time: Mon Jun 12 00:09:46 2023 Hora oficial do Brasil elapsed time: 0.046084 seconds (0d 0h 0m 0s)

---------------  T H R E A D  ---------------

Current thread (0x0000025d55ba5270):  JavaThread "Unknown thread" [_thread_in_vm, id=77632, stack(0x000000aa6ff00000,0x000000aa70000000)]

Stack: [0x000000aa6ff00000,0x000000aa70000000]
Native frames: (J=compiled Java code, j=interpreted, Vv=VM code, C=native code)
V  [jvm.dll+0x67741a]
V  [jvm.dll+0x834434]
V  [jvm.dll+0x835bde]
V  [jvm.dll+0x836243]
V  [jvm.dll+0x2457b5]
V  [jvm.dll+0x674329]
V  [jvm.dll+0x6689da]
V  [jvm.dll+0x30489b]
V  [jvm.dll+0x30bd96]
V  [jvm.dll+0x35b57e]
V  [jvm.dll+0x35b7af]
V  [jvm.dll+0x2db778]
V  [jvm.dll+0x2dc6e4]
V  [jvm.dll+0x806131]
V  [jvm.dll+0x369331]
V  [jvm.dll+0x7e56ac]
V  [jvm.dll+0x3eb35f]
V  [jvm.dll+0x3ecea1]
C  [jli.dll+0x5267]
C  [ucrtbase.dll+0x29363]
C  [KERNEL32.DLL+0x126ad]
C  [ntdll.dll+0x5a9f8]


---------------  P R O C E S S  ---------------

Threads class SMR info:
_java_thread_list=0x00007ffaab515fd8, length=0, elements={
}

Java Threads: ( => current thread )

Other Threads:
  0x0000025d55be3af0 GCTaskThread "GC Thread#0" [stack: 0x000000aa70000000,0x000000aa70100000] [id=79592]
  0x0000025d55bec370 ConcurrentGCThread "G1 Main Marker" [stack: 0x000000aa70100000,0x000000aa70200000] [id=85512]
  0x0000025d55bed680 ConcurrentGCThread "G1 Conc#0" [stack: 0x000000aa70200000,0x000000aa70300000] [id=39112]

[error occurred during error reporting (printing all threads), id 0xc0000005, EXCEPTION_ACCESS_VIOLATION (0xc0000005) at pc=0x00007ffaaacec1e7]

VM state: not at safepoint (not fully initialized)

VM Mutex/Monitor currently owned by a thread:  ([mutex/lock_event])
[0x0000025d55ba1180] Heap_lock - owner thread: 0x0000025d55ba5270

Heap address: 0x00000000c3600000, size: 970 MB, Compressed Oops mode: 32-bit

CDS archive(s) mapped at: [0x0000000000000000-0x0000000000000000-0x0000000000000000), size 0, SharedBaseAddress: 0x0000000800000000, ArchiveRelocationMode: 0.
Narrow klass base: 0x0000000000000000, Narrow klass shift: 0, Narrow klass range: 0x0

GC Precious Log:
<Empty>

Heap:
 garbage-first heap   total 0K, used 0K [0x00000000c3600000, 0x0000000100000000)
  region size 1024K, 0 young (0K), 0 survivors (0K)

[error occurred during error reporting (printing heap information), id 0xc0000005, EXCEPTION_ACCESS_VIOLATION (0xc0000005) at pc=0x00007ffaab0d06f9]

GC Heap History (0 events):
No events

Dll operation events (1 events):
Event: 0.029 Loaded shared library C:\Users\evila\.p2\pool\plugins\org.eclipse.justj.openjdk.hotspot.jre.full.win32.x86_64_17.0.6.v20230204-1729\jre\bin\java.dll

Deoptimization events (0 events):
No events

Classes unloaded (0 events):
No events

Classes redefined (0 events):
No events

Internal exceptions (0 events):
No events

VM Operations (0 events):
No events

Events (0 events):
No events


Dynamic libraries:
0x00007ff716680000 - 0x00007ff71668e000 	C:\Users\evila\.p2\pool\plugins\org.eclipse.justj.openjdk.hotspot.jre.full.win32.x86_64_17.0.6.v20230204-1729\jre\bin\javaw.exe
0x00007ffb20410000 - 0x00007ffb20624000 	C:\WINDOWS\SYSTEM32\ntdll.dll
0x00007ffb1ecf0000 - 0x00007ffb1edb2000 	C:\WINDOWS\System32\KERNEL32.DLL
0x00007ffb1dd00000 - 0x00007ffb1e0a3000 	C:\WINDOWS\System32\KERNELBASE.dll
0x00007ffb1d830000 - 0x00007ffb1d941000 	C:\WINDOWS\System32\ucrtbase.dll
0x00007ffb0c6f0000 - 0x00007ffb0c709000 	C:\Users\evila\.p2\pool\plugins\org.eclipse.justj.openjdk.hotspot.jre.full.win32.x86_64_17.0.6.v20230204-1729\jre\bin\VCRUNTIME140.dll
0x00007ffb0c710000 - 0x00007ffb0c727000 	C:\Users\evila\.p2\pool\plugins\org.eclipse.justj.openjdk.hotspot.jre.full.win32.x86_64_17.0.6.v20230204-1729\jre\bin\jli.dll
0x00007ffb1e650000 - 0x00007ffb1e7fb000 	C:\WINDOWS\System32\USER32.dll
0x00007ffb1db40000 - 0x00007ffb1db66000 	C:\WINDOWS\System32\win32u.dll
0x00007ffb1ee20000 - 0x00007ffb1ee49000 	C:\WINDOWS\System32\GDI32.dll
0x00007ffb1db70000 - 0x00007ffb1dc88000 	C:\WINDOWS\System32\gdi32full.dll
0x00007ffb1e0b0000 - 0x00007ffb1e14a000 	C:\WINDOWS\System32\msvcp_win.dll
0x00007ffb089c0000 - 0x00007ffb08c4e000 	C:\WINDOWS\WinSxS\amd64_microsoft.windows.common-controls_6595b64144ccf1df_6.0.22621.1635_none_270f70857386168e\COMCTL32.dll
0x00007ffb1f010000 - 0x00007ffb1f0b7000 	C:\WINDOWS\System32\msvcrt.dll
0x00007ffb1e800000 - 0x00007ffb1e831000 	C:\WINDOWS\System32\IMM32.DLL
0x00007ffb0f760000 - 0x00007ffb0f76c000 	C:\Users\evila\.p2\pool\plugins\org.eclipse.justj.openjdk.hotspot.jre.full.win32.x86_64_17.0.6.v20230204-1729\jre\bin\vcruntime140_1.dll
0x00007ffada930000 - 0x00007ffada9c1000 	C:\Users\evila\.p2\pool\plugins\org.eclipse.justj.openjdk.hotspot.jre.full.win32.x86_64_17.0.6.v20230204-1729\jre\bin\msvcp140.dll
0x00007ffaaaa00000 - 0x00007ffaab647000 	C:\Users\evila\.p2\pool\plugins\org.eclipse.justj.openjdk.hotspot.jre.full.win32.x86_64_17.0.6.v20230204-1729\jre\bin\server\jvm.dll
0x00007ffb20320000 - 0x00007ffb203ce000 	C:\WINDOWS\System32\ADVAPI32.dll
0x00007ffb1e5a0000 - 0x00007ffb1e644000 	C:\WINDOWS\System32\sechost.dll
0x00007ffb1f9a0000 - 0x00007ffb1fab7000 	C:\WINDOWS\System32\RPCRT4.dll
0x00007ffafd1d0000 - 0x00007ffafd1d9000 	C:\WINDOWS\SYSTEM32\WSOCK32.dll
0x00007ffb1e8f0000 - 0x00007ffb1e961000 	C:\WINDOWS\System32\WS2_32.dll
0x00007ffb13320000 - 0x00007ffb13354000 	C:\WINDOWS\SYSTEM32\WINMM.dll
0x00007ffb0f280000 - 0x00007ffb0f28a000 	C:\WINDOWS\SYSTEM32\VERSION.dll
0x00007ffb1c970000 - 0x00007ffb1c988000 	C:\WINDOWS\SYSTEM32\kernel.appcore.dll
0x00007ffb19e60000 - 0x00007ffb19e6a000 	C:\Users\evila\.p2\pool\plugins\org.eclipse.justj.openjdk.hotspot.jre.full.win32.x86_64_17.0.6.v20230204-1729\jre\bin\jimage.dll
0x00007ffb1b160000 - 0x00007ffb1b38e000 	C:\WINDOWS\SYSTEM32\DBGHELP.DLL
0x00007ffb1e210000 - 0x00007ffb1e599000 	C:\WINDOWS\System32\combase.dll
0x00007ffb1f0c0000 - 0x00007ffb1f197000 	C:\WINDOWS\System32\OLEAUT32.dll
0x00007ffb01600000 - 0x00007ffb01632000 	C:\WINDOWS\SYSTEM32\dbgcore.DLL
0x00007ffb1dac0000 - 0x00007ffb1db3b000 	C:\WINDOWS\System32\bcryptPrimitives.dll
0x00007ffb0ce30000 - 0x00007ffb0ce55000 	C:\Users\evila\.p2\pool\plugins\org.eclipse.justj.openjdk.hotspot.jre.full.win32.x86_64_17.0.6.v20230204-1729\jre\bin\java.dll

dbghelp: loaded successfully - version: 4.0.5 - missing functions: none
symbol engine: initialized successfully - sym options: 0x614 - pdb path: .;C:\Users\evila\.p2\pool\plugins\org.eclipse.justj.openjdk.hotspot.jre.full.win32.x86_64_17.0.6.v20230204-1729\jre\bin;C:\WINDOWS\SYSTEM32;C:\WINDOWS\WinSxS\amd64_microsoft.windows.common-controls_6595b64144ccf1df_6.0.22621.1635_none_270f70857386168e;C:\Users\evila\.p2\pool\plugins\org.eclipse.justj.openjdk.hotspot.jre.full.win32.x86_64_17.0.6.v20230204-1729\jre\bin\server

VM Arguments:
jvm_args: -Dfile.encoding=UTF-8 --module-path=C:\Users\evila\OneDrive\Documentos\LP2\AV3\FabricaDeQueijo\FabricaDeQueijo_Evila\bin -XX:+ShowCodeDetailsInExceptionMessages -Djdk.module.main=FabricaDeQueijo 
java_command: FabricaDeQueijo/Aplicacao.LpPrincipal
java_class_path (initial): C:\Java-libs\jdbc-connectors\mysql-connector-j-8.0.33.jar
Launcher Type: SUN_STANDARD

[Global flags]
     intx CICompilerCount                          = 3                                         {product} {ergonomic}
     uint ConcGCThreads                            = 1                                         {product} {ergonomic}
     uint G1ConcRefinementThreads                  = 4                                         {product} {ergonomic}
   size_t G1HeapRegionSize                         = 1048576                                   {product} {ergonomic}
    uintx GCDrainStackTargetSize                   = 64                                        {product} {ergonomic}
   size_t InitialHeapSize                          = 65011712                                  {product} {ergonomic}
   size_t MarkStackSize                            = 4194304                                   {product} {ergonomic}
   size_t MaxHeapSize                              = 1017118720                                {product} {ergonomic}
   size_t MinHeapDeltaBytes                        = 1048576                                   {product} {ergonomic}
   size_t MinHeapSize                              = 8388608                                   {product} {ergonomic}
    uintx NonNMethodCodeHeapSize                   = 5832780                                {pd product} {ergonomic}
    uintx NonProfiledCodeHeapSize                  = 122912730                              {pd product} {ergonomic}
    uintx ProfiledCodeHeapSize                     = 122912730                              {pd product} {ergonomic}
    uintx ReservedCodeCacheSize                    = 251658240                              {pd product} {ergonomic}
     bool SegmentedCodeCache                       = true                                      {product} {ergonomic}
     bool ShowCodeDetailsInExceptionMessages       = true                                   {manageable} {command line}
   size_t SoftMaxHeapSize                          = 1017118720                             {manageable} {ergonomic}
     bool UseCompressedClassPointers               = true                           {product lp64_product} {ergonomic}
     bool UseCompressedOops                        = true                           {product lp64_product} {ergonomic}
     bool UseG1GC                                  = true                                      {product} {ergonomic}
     bool UseLargePagesIndividualAllocation        = false                                  {pd product} {ergonomic}

Logging:
Log output configuration:
 #0: stdout all=warning uptime,level,tags
 #1: stderr all=off uptime,level,tags

Environment Variables:
JAVA_HOME=C:\Program Files\Java\zulu17.40.19-ca-jdk17.0.6-win_x64
PATH=C:/Users/evila/.p2/pool/plugins/org.eclipse.justj.openjdk.hotspot.jre.full.win32.x86_64_17.0.6.v20230204-1729/jre/bin/server;C:/Users/evila/.p2/pool/plugins/org.eclipse.justj.openjdk.hotspot.jre.full.win32.x86_64_17.0.6.v20230204-1729/jre/bin;C:\app\evila\product\18.0.0\dbhomeXE\bin;C:\Program Files\Java\zulu17.40.19-ca-jdk17.0.6-win_x64\bin;C:\Program Files (x86)\Common Files\Oracle\Java\javapath;C:\WINDOWS\system32;C:\WINDOWS;C:\WINDOWS\System32\Wbem;C:\WINDOWS\System32\WindowsPowerShell\v1.0\;C:\WINDOWS\System32\OpenSSH\;C:\Program Files\Git\cmd;C:\Program Files\MySQL\MySQL Shell 8.0\bin\;C:\Users\evila\anaconda3;C:\Users\evila\anaconda3\Library\mingw-w64\bin;C:\Users\evila\anaconda3\Library\usr\bin;C:\Users\evila\anaconda3\Library\bin;C:\Users\evila\anaconda3\Scripts;C:\Users\evila\AppData\Local\Microsoft\WindowsApps;C:\Users\evila\AppData\Local\Programs\Microsoft VS Code\bin;;C:\WINDOWS\System32;
USERNAME=evila
OS=Windows_NT
PROCESSOR_IDENTIFIER=Intel64 Family 6 Model 140 Stepping 1, GenuineIntel
TMP=C:\Users\evila\AppData\Local\Temp
TEMP=C:\Users\evila\AppData\Local\Temp



---------------  S Y S T E M  ---------------

OS:
 Windows 11 , 64 bit Build 22621 (10.0.22621.1635)
OS uptime: 13 days 16:37 hours

CPU: total 4 (initial active 4) (2 cores per cpu, 2 threads per core) family 6 model 140 stepping 1 microcode 0xa4, cx8, cmov, fxsr, ht, mmx, 3dnowpref, sse, sse2, sse3, ssse3, sse4.1, sse4.2, popcnt, lzcnt, tsc, tscinvbit, avx, avx2, aes, erms, clmul, bmi1, bmi2, adx, avx512f, avx512dq, avx512cd, avx512bw, avx512vl, sha, fma, vzeroupper, avx512_vpopcntdq, avx512_vpclmulqdq, avx512_vaes, avx512_vnni, clflush, clflushopt, clwb, avx512_vbmi2, avx512_vbmi

Memory: 4k page, system-wide physical 3879M (70M free)
TotalPageFile size 15655M (AvailPageFile size 61M)
current process WorkingSet (physical memory assigned to process): 10M, peak: 10M
current process commit charge ("private bytes"): 51M, peak: 113M

vm_info: OpenJDK 64-Bit Server VM (17.0.6+10) for windows-amd64 JRE (17.0.6+10), built on Jan 18 2023 10:08:59 by "temurin" with MS VC++ 16.7 (VS2019)

END.
